-------------------------------------------------------------------------------
Test set: com.promineotech.jeep.controller.FetchJeepTest
-------------------------------------------------------------------------------
Tests run: 4, Failures: 0, Errors: 4, Skipped: 0, Time elapsed: 8.49 s <<< FAILURE! - in com.promineotech.jeep.controller.FetchJeepTest
testThatAnUnplannedErrorResultsInA500Status  Time elapsed: 0.053 s  <<< ERROR!
org.springframework.jdbc.datasource.init.CannotReadScriptException: Cannot read SQL script from class path resource [flyaway/migrations/V1.0__Jeep_Schema.sql]; nested exception is java.io.FileNotFoundException: class path resource [flyaway/migrations/V1.0__Jeep_Schema.sql] cannot be opened because it does not exist
Caused by: java.io.FileNotFoundException: class path resource [flyaway/migrations/V1.0__Jeep_Schema.sql] cannot be opened because it does not exist

testThatJeepsAreReturnedWhenAValidModelAndTrimAreSupplied  Time elapsed: 0.001 s  <<< ERROR!
java.lang.IllegalStateException: Failed to load ApplicationContext
Caused by: org.springframework.beans.factory.UnsatisfiedDependencyException: Error creating bean with name 'basicJeepSalesController': Unsatisfied dependency expressed through field 'jeepSalesService'; nested exception is org.springframework.beans.factory.UnsatisfiedDependencyException: Error creating bean with name 'defaultJeepSalesService': Unsatisfied dependency expressed through field 'jeepSalesDao'; nested exception is org.springframework.beans.factory.NoSuchBeanDefinitionException: No qualifying bean of type 'com.promineotech.jeep.dao.JeepSalesDao' available: expected at least 1 bean which qualifies as autowire candidate. Dependency annotations: {@org.springframework.beans.factory.annotation.Autowired(required=true)}
Caused by: org.springframework.beans.factory.UnsatisfiedDependencyException: Error creating bean with name 'defaultJeepSalesService': Unsatisfied dependency expressed through field 'jeepSalesDao'; nested exception is org.springframework.beans.factory.NoSuchBeanDefinitionException: No qualifying bean of type 'com.promineotech.jeep.dao.JeepSalesDao' available: expected at least 1 bean which qualifies as autowire candidate. Dependency annotations: {@org.springframework.beans.factory.annotation.Autowired(required=true)}
Caused by: org.springframework.beans.factory.NoSuchBeanDefinitionException: No qualifying bean of type 'com.promineotech.jeep.dao.JeepSalesDao' available: expected at least 1 bean which qualifies as autowire candidate. Dependency annotations: {@org.springframework.beans.factory.annotation.Autowired(required=true)}

testThatAnErrorMessageIsReturnedWhenAnInvalidValueIsSupplied{String, String, String}  Time elapsed: 0.025 s  <<< ERROR!
org.junit.platform.commons.JUnitException: Could not find method [ParametersForInvalidInput] in class [com.promineotech.jeep.controller.FetchJeepTest]

testThatAnErrorMessageIsReturnedWhenAnInvalidTrimIsSupplied{String, String, String}  Time elapsed: 0 s  <<< ERROR!
java.lang.IllegalStateException: Failed to load ApplicationContext
Caused by: org.springframework.beans.factory.UnsatisfiedDependencyException: Error creating bean with name 'basicJeepSalesController': Unsatisfied dependency expressed through field 'jeepSalesService'; nested exception is org.springframework.beans.factory.UnsatisfiedDependencyException: Error creating bean with name 'defaultJeepSalesService': Unsatisfied dependency expressed through field 'jeepSalesDao'; nested exception is org.springframework.beans.factory.NoSuchBeanDefinitionException: No qualifying bean of type 'com.promineotech.jeep.dao.JeepSalesDao' available: expected at least 1 bean which qualifies as autowire candidate. Dependency annotations: {@org.springframework.beans.factory.annotation.Autowired(required=true)}
Caused by: org.springframework.beans.factory.UnsatisfiedDependencyException: Error creating bean with name 'defaultJeepSalesService': Unsatisfied dependency expressed through field 'jeepSalesDao'; nested exception is org.springframework.beans.factory.NoSuchBeanDefinitionException: No qualifying bean of type 'com.promineotech.jeep.dao.JeepSalesDao' available: expected at least 1 bean which qualifies as autowire candidate. Dependency annotations: {@org.springframework.beans.factory.annotation.Autowired(required=true)}
Caused by: org.springframework.beans.factory.NoSuchBeanDefinitionException: No qualifying bean of type 'com.promineotech.jeep.dao.JeepSalesDao' available: expected at least 1 bean which qualifies as autowire candidate. Dependency annotations: {@org.springframework.beans.factory.annotation.Autowired(required=true)}

